<?xml version="1.0" encoding="UTF-8"?>
<!-- Generated by org.testng.reporters.JUnitReportReporter -->
<testsuite skipped="0" hostname="DESKTOP-5JURDOU" name="com.sgtesting.practice.Assignment4" tests="8" failures="0" timestamp="2021-06-02T11:01:48 IST" time="39.256" errors="0">
  <testcase name="LaunchBrowser" time="11.222" classname="com.sgtesting.practice.Assignment4"/>
  <system-out/>
  <testcase name="navigate" time="2.879" classname="com.sgtesting.practice.Assignment4"/>
  <system-out/>
  <testcase name="login" time="6.039" classname="com.sgtesting.practice.Assignment4"/>
  <system-out/>
  <testcase name="CreateCustomer" time="3.932" classname="com.sgtesting.practice.Assignment4"/>
  <system-out/>
  <testcase name="ModifyCustomer" time="6.155" classname="com.sgtesting.practice.Assignment4"/>
  <system-out/>
  <testcase name="DeleteCustomer" time="3.099" classname="com.sgtesting.practice.Assignment4"/>
  <system-out/>
  <testcase name="logout" time="3.659" classname="com.sgtesting.practice.Assignment4"/>
  <system-out/>
  <testcase name="closeApplication" time="2.271" classname="com.sgtesting.practice.Assignment4"/>
  <system-out/>
</testsuite> <!-- com.sgtesting.practice.Assignment4 -->
