<?xml version="1.0" encoding="UTF-8"?>
<!-- Generated by org.testng.reporters.JUnitReportReporter -->
<testsuite skipped="0" hostname="DESKTOP-5JURDOU" name="com.sgtesting.log4j.Assignment4" tests="8" failures="0" timestamp="2021-06-03T16:21:27 IST" time="45.799" errors="0">
  <testcase name="LaunchBrowser" time="25.142" classname="com.sgtesting.log4j.Assignment4"/>
  <system-out/>
  <testcase name="navigate" time="7.102" classname="com.sgtesting.log4j.Assignment4"/>
  <system-out/>
  <testcase name="login" time="5.755" classname="com.sgtesting.log4j.Assignment4"/>
  <system-out/>
  <testcase name="CreateCustomer" time="0.343" classname="com.sgtesting.log4j.Assignment4"/>
  <system-out/>
  <testcase name="ModifyCustomer" time="0.072" classname="com.sgtesting.log4j.Assignment4"/>
  <system-out/>
  <testcase name="DeleteCustomer" time="0.031" classname="com.sgtesting.log4j.Assignment4"/>
  <system-out/>
  <testcase name="logout" time="3.629" classname="com.sgtesting.log4j.Assignment4"/>
  <system-out/>
  <testcase name="closeApplication" time="3.725" classname="com.sgtesting.log4j.Assignment4"/>
  <system-out/>
</testsuite> <!-- com.sgtesting.log4j.Assignment4 -->
