<?xml version="1.0" encoding="UTF-8"?>
<!-- Generated by org.testng.reporters.JUnitReportReporter -->
<testsuite skipped="0" hostname="DESKTOP-5JURDOU" name="com.sgtesting.log4j.Assignment2" tests="8" failures="0" timestamp="2021-06-03T17:00:44 IST" time="43.330" errors="0">
  <testcase name="LaunchBrowser" time="10.302" classname="com.sgtesting.log4j.Assignment2"/>
  <system-out/>
  <testcase name="navigate" time="2.972" classname="com.sgtesting.log4j.Assignment2"/>
  <system-out/>
  <testcase name="login" time="8.542" classname="com.sgtesting.log4j.Assignment2"/>
  <system-out/>
  <testcase name="CreateUser" time="17.461" classname="com.sgtesting.log4j.Assignment2"/>
  <system-out/>
  <testcase name="ModifyUser" time="0.192" classname="com.sgtesting.log4j.Assignment2"/>
  <system-out/>
  <testcase name="DeleteUser" time="0.042" classname="com.sgtesting.log4j.Assignment2"/>
  <system-out/>
  <testcase name="logout" time="1.093" classname="com.sgtesting.log4j.Assignment2"/>
  <system-out/>
  <testcase name="closeApplication" time="2.726" classname="com.sgtesting.log4j.Assignment2"/>
  <system-out/>
</testsuite> <!-- com.sgtesting.log4j.Assignment2 -->
