<?xml version="1.0" encoding="UTF-8"?>
<!-- Generated by org.testng.reporters.JUnitReportReporter -->
<testsuite skipped="0" hostname="DESKTOP-5JURDOU" name="com.sgtesting.practice.Assignment5" tests="9" failures="0" timestamp="2021-06-02T11:01:48 IST" time="39.317" errors="0">
  <testcase name="LaunchBrowser" time="8.899" classname="com.sgtesting.practice.Assignment5"/>
  <system-out/>
  <testcase name="navigate" time="2.876" classname="com.sgtesting.practice.Assignment5"/>
  <system-out/>
  <testcase name="login" time="6.066" classname="com.sgtesting.practice.Assignment5"/>
  <system-out/>
  <testcase name="CreateCustomer" time="3.937" classname="com.sgtesting.practice.Assignment5"/>
  <system-out/>
  <testcase name="CreateProject" time="1.332" classname="com.sgtesting.practice.Assignment5"/>
  <system-out/>
  <testcase name="DeleteProject" time="6.455" classname="com.sgtesting.practice.Assignment5"/>
  <system-out/>
  <testcase name="DeleteCustomer" time="3.168" classname="com.sgtesting.practice.Assignment5"/>
  <system-out/>
  <testcase name="logout" time="3.638" classname="com.sgtesting.practice.Assignment5"/>
  <system-out/>
  <testcase name="closeApplication" time="2.946" classname="com.sgtesting.practice.Assignment5"/>
  <system-out/>
</testsuite> <!-- com.sgtesting.practice.Assignment5 -->
