<?xml version="1.0" encoding="UTF-8"?>
<!-- Generated by org.testng.reporters.JUnitReportReporter -->
<testsuite skipped="0" hostname="DESKTOP-5JURDOU" name="com.sgtesting.log4j.Assignment3" tests="7" failures="0" timestamp="2021-06-03T16:19:13 IST" time="41.811" errors="0">
  <testcase name="LaunchBrowser" time="15.041" classname="com.sgtesting.log4j.Assignment3"/>
  <system-out/>
  <testcase name="navigate" time="7.259" classname="com.sgtesting.log4j.Assignment3"/>
  <system-out/>
  <testcase name="login" time="8.342" classname="com.sgtesting.log4j.Assignment3"/>
  <system-out/>
  <testcase name="CreateCustomer" time="5.057" classname="com.sgtesting.log4j.Assignment3"/>
  <system-out/>
  <testcase name="DeleteCustomer" time="0.830" classname="com.sgtesting.log4j.Assignment3"/>
  <system-out/>
  <testcase name="logout" time="0.102" classname="com.sgtesting.log4j.Assignment3"/>
  <system-out/>
  <testcase name="closeApplication" time="5.180" classname="com.sgtesting.log4j.Assignment3"/>
  <system-out/>
</testsuite> <!-- com.sgtesting.log4j.Assignment3 -->
