<?xml version="1.0" encoding="UTF-8"?>
<!-- Generated by org.testng.reporters.JUnitReportReporter -->
<testsuite skipped="0" hostname="DESKTOP-5JURDOU" name="com.sgtesting.log4j.Assignment6" tests="10" failures="0" timestamp="2021-06-03T16:56:12 IST" time="59.855" errors="0">
  <testcase name="LaunchBrowser" time="35.225" classname="com.sgtesting.log4j.Assignment6"/>
  <system-out/>
  <testcase name="navigate" time="9.302" classname="com.sgtesting.log4j.Assignment6"/>
  <system-out/>
  <testcase name="login" time="9.112" classname="com.sgtesting.log4j.Assignment6"/>
  <system-out/>
  <testcase name="createCustomer" time="0.062" classname="com.sgtesting.log4j.Assignment6"/>
  <system-out/>
  <testcase name="CreateProject" time="0.038" classname="com.sgtesting.log4j.Assignment6"/>
  <system-out/>
  <testcase name="modifyProject" time="0.055" classname="com.sgtesting.log4j.Assignment6"/>
  <system-out/>
  <testcase name="DeleteProject" time="0.295" classname="com.sgtesting.log4j.Assignment6"/>
  <system-out/>
  <testcase name="DeleteCustomer" time="0.185" classname="com.sgtesting.log4j.Assignment6"/>
  <system-out/>
  <testcase name="logout" time="0.059" classname="com.sgtesting.log4j.Assignment6"/>
  <system-out/>
  <testcase name="closeApplication" time="5.522" classname="com.sgtesting.log4j.Assignment6"/>
  <system-out/>
</testsuite> <!-- com.sgtesting.log4j.Assignment6 -->
