<?xml version="1.0" encoding="UTF-8"?>
<!-- Generated by org.testng.reporters.JUnitReportReporter -->
<testsuite skipped="0" hostname="DESKTOP-5JURDOU" name="com.sgtesting.log4j.Assignment9" tests="31" failures="0" timestamp="2021-06-03T17:53:00 IST" time="176.505" errors="0">
  <testcase name="launchBrowser" time="3.837" classname="com.sgtesting.log4j.Assignment9"/>
  <system-out/>
  <testcase name="navigate" time="6.313" classname="com.sgtesting.log4j.Assignment9"/>
  <system-out/>
  <testcase name="Adminlogin" time="2.386" classname="com.sgtesting.log4j.Assignment9"/>
  <system-out/>
  <testcase name="minimizeFlyOutWindow" time="1.709" classname="com.sgtesting.log4j.Assignment9"/>
  <system-out/>
  <testcase name="User1" time="14.426" classname="com.sgtesting.log4j.Assignment9"/>
  <system-out/>
  <testcase name="logout" time="2.721" classname="com.sgtesting.log4j.Assignment9"/>
  <system-out/>
  <testcase name="User1Loging" time="8.900" classname="com.sgtesting.log4j.Assignment9"/>
  <system-out/>
  <testcase name="User2" time="12.198" classname="com.sgtesting.log4j.Assignment9"/>
  <system-out/>
  <testcase name="User1logout" time="2.767" classname="com.sgtesting.log4j.Assignment9"/>
  <system-out/>
  <testcase name="User2Loging" time="5.498" classname="com.sgtesting.log4j.Assignment9"/>
  <system-out/>
  <testcase name="User3" time="11.802" classname="com.sgtesting.log4j.Assignment9"/>
  <system-out/>
  <testcase name="User2Logout" time="2.724" classname="com.sgtesting.log4j.Assignment9"/>
  <system-out/>
  <testcase name="Admin1login" time="2.368" classname="com.sgtesting.log4j.Assignment9"/>
  <system-out/>
  <testcase name="ModifyUser1" time="13.619" classname="com.sgtesting.log4j.Assignment9"/>
  <system-out/>
  <testcase name="Admin1logout" time="2.470" classname="com.sgtesting.log4j.Assignment9"/>
  <system-out/>
  <testcase name="User1LogingAgain" time="2.578" classname="com.sgtesting.log4j.Assignment9"/>
  <system-out/>
  <testcase name="ModifyUser2" time="13.303" classname="com.sgtesting.log4j.Assignment9"/>
  <system-out/>
  <testcase name="User1logoutAgain" time="2.757" classname="com.sgtesting.log4j.Assignment9"/>
  <system-out/>
  <testcase name="User2LogingAgain" time="2.524" classname="com.sgtesting.log4j.Assignment9"/>
  <system-out/>
  <testcase name="ModifyUser3" time="13.215" classname="com.sgtesting.log4j.Assignment9"/>
  <system-out/>
  <testcase name="User2LogoutAgain" time="2.694" classname="com.sgtesting.log4j.Assignment9"/>
  <system-out/>
  <testcase name="User2LogingAgainAgain" time="2.381" classname="com.sgtesting.log4j.Assignment9"/>
  <system-out/>
  <testcase name="deleteUser3" time="10.095" classname="com.sgtesting.log4j.Assignment9"/>
  <system-out/>
  <testcase name="User2LogoutAgainAgain" time="2.395" classname="com.sgtesting.log4j.Assignment9"/>
  <system-out/>
  <testcase name="User1LogingAgainAgain" time="2.412" classname="com.sgtesting.log4j.Assignment9"/>
  <system-out/>
  <testcase name="deleteUser2" time="10.364" classname="com.sgtesting.log4j.Assignment9"/>
  <system-out/>
  <testcase name="User1logoutAgainAgain" time="2.720" classname="com.sgtesting.log4j.Assignment9"/>
  <system-out/>
  <testcase name="Admin1loginAgain" time="2.436" classname="com.sgtesting.log4j.Assignment9"/>
  <system-out/>
  <testcase name="deleteUser1" time="9.999" classname="com.sgtesting.log4j.Assignment9"/>
  <system-out/>
  <testcase name="Admin1logoutAgainAgain" time="2.406" classname="com.sgtesting.log4j.Assignment9"/>
  <system-out/>
  <testcase name="closeApplication" time="0.488" classname="com.sgtesting.log4j.Assignment9"/>
  <system-out/>
</testsuite> <!-- com.sgtesting.log4j.Assignment9 -->
