<?xml version="1.0" encoding="UTF-8"?>
<!-- Generated by org.testng.reporters.JUnitReportReporter -->
<testsuite skipped="0" hostname="DESKTOP-5JURDOU" name="com.sgtesting.log4j.Assignment8" tests="20" failures="0" timestamp="2021-06-03T17:33:32 IST" time="131.345" errors="0">
  <testcase name="launchBrowser" time="5.400" classname="com.sgtesting.log4j.Assignment8"/>
  <system-out/>
  <testcase name="navigate" time="5.244" classname="com.sgtesting.log4j.Assignment8"/>
  <system-out/>
  <testcase name="Adminlogin" time="4.335" classname="com.sgtesting.log4j.Assignment8"/>
  <system-out/>
  <testcase name="minimizeFlyOutWindow" time="4.097" classname="com.sgtesting.log4j.Assignment8"/>
  <system-out/>
  <testcase name="User1" time="15.710" classname="com.sgtesting.log4j.Assignment8"/>
  <system-out/>
  <testcase name="User2" time="8.789" classname="com.sgtesting.log4j.Assignment8"/>
  <system-out/>
  <testcase name="User3" time="8.827" classname="com.sgtesting.log4j.Assignment8"/>
  <system-out/>
  <testcase name="logout" time="2.490" classname="com.sgtesting.log4j.Assignment8"/>
  <system-out/>
  <testcase name="User1Loging" time="22.058" classname="com.sgtesting.log4j.Assignment8"/>
  <system-out/>
  <testcase name="User1logout" time="2.551" classname="com.sgtesting.log4j.Assignment8"/>
  <system-out/>
  <testcase name="User2Loging" time="5.875" classname="com.sgtesting.log4j.Assignment8"/>
  <system-out/>
  <testcase name="User2Logout" time="2.399" classname="com.sgtesting.log4j.Assignment8"/>
  <system-out/>
  <testcase name="User3Loging" time="5.589" classname="com.sgtesting.log4j.Assignment8"/>
  <system-out/>
  <testcase name="User3Logout" time="2.364" classname="com.sgtesting.log4j.Assignment8"/>
  <system-out/>
  <testcase name="Admin1login" time="2.343" classname="com.sgtesting.log4j.Assignment8"/>
  <system-out/>
  <testcase name="deleteUser1" time="10.733" classname="com.sgtesting.log4j.Assignment8"/>
  <system-out/>
  <testcase name="deleteUser2" time="9.676" classname="com.sgtesting.log4j.Assignment8"/>
  <system-out/>
  <testcase name="deleteUser3" time="9.403" classname="com.sgtesting.log4j.Assignment8"/>
  <system-out/>
  <testcase name="Adminlogout" time="2.831" classname="com.sgtesting.log4j.Assignment8"/>
  <system-out/>
  <testcase name="closeApplication" time="0.631" classname="com.sgtesting.log4j.Assignment8"/>
  <system-out/>
</testsuite> <!-- com.sgtesting.log4j.Assignment8 -->
