<?xml version="1.0" encoding="UTF-8"?>
<!-- Generated by org.testng.reporters.JUnitReportReporter -->
<testsuite skipped="0" hostname="DESKTOP-5JURDOU" name="com.sgtesting.log4j.Assignment5" tests="9" failures="0" timestamp="2021-06-03T16:41:15 IST" time="60.408" errors="0">
  <testcase name="LaunchBrowser" time="31.515" classname="com.sgtesting.log4j.Assignment5"/>
  <system-out/>
  <testcase name="navigate" time="6.877" classname="com.sgtesting.log4j.Assignment5"/>
  <system-out/>
  <testcase name="login" time="7.298" classname="com.sgtesting.log4j.Assignment5"/>
  <system-out/>
  <testcase name="CreateCustomer" time="4.461" classname="com.sgtesting.log4j.Assignment5"/>
  <system-out/>
  <testcase name="CreateProject" time="1.355" classname="com.sgtesting.log4j.Assignment5"/>
  <system-out/>
  <testcase name="DeleteProject" time="0.024" classname="com.sgtesting.log4j.Assignment5"/>
  <system-out/>
  <testcase name="DeleteCustomer" time="0.052" classname="com.sgtesting.log4j.Assignment5"/>
  <system-out/>
  <testcase name="logout" time="3.087" classname="com.sgtesting.log4j.Assignment5"/>
  <system-out/>
  <testcase name="closeApplication" time="5.739" classname="com.sgtesting.log4j.Assignment5"/>
  <system-out/>
</testsuite> <!-- com.sgtesting.log4j.Assignment5 -->
