<?xml version="1.0" encoding="UTF-8"?>
<!-- Generated by org.testng.reporters.JUnitReportReporter -->
<testsuite skipped="0" hostname="DESKTOP-5JURDOU" name="com.sgtesting.log4j.Assignment1" tests="7" failures="0" timestamp="2021-06-05T17:37:26 IST" time="58.657" errors="0">
  <testcase name="LaunchBrowser" time="8.981" classname="com.sgtesting.log4j.Assignment1"/>
  <system-out/>
  <testcase name="navigate" time="21.525" classname="com.sgtesting.log4j.Assignment1"/>
  <system-out/>
  <testcase name="login" time="8.234" classname="com.sgtesting.log4j.Assignment1"/>
  <system-out/>
  <testcase name="CreateUser" time="14.451" classname="com.sgtesting.log4j.Assignment1"/>
  <system-out/>
  <testcase name="DeleteUser" time="1.439" classname="com.sgtesting.log4j.Assignment1"/>
  <system-out/>
  <testcase name="logout" time="2.743" classname="com.sgtesting.log4j.Assignment1"/>
  <system-out/>
  <testcase name="closeApplication" time="1.284" classname="com.sgtesting.log4j.Assignment1"/>
  <system-out/>
</testsuite> <!-- com.sgtesting.log4j.Assignment1 -->
