<?xml version="1.0" encoding="UTF-8"?>
<!-- Generated by org.testng.reporters.JUnitReportReporter -->
<testsuite skipped="0" hostname="DESKTOP-5JURDOU" name="com.sgtesting.practice.Assignment6" tests="10" failures="0" timestamp="2021-06-02T11:01:48 IST" time="79.895" errors="0">
  <testcase name="LaunchBrowser" time="10.184" classname="com.sgtesting.practice.Assignment6"/>
  <system-out/>
  <testcase name="navigate" time="3.057" classname="com.sgtesting.practice.Assignment6"/>
  <system-out/>
  <testcase name="login" time="12.038" classname="com.sgtesting.practice.Assignment6"/>
  <system-out/>
  <testcase name="createCustomer" time="15.789" classname="com.sgtesting.practice.Assignment6"/>
  <system-out/>
  <testcase name="CreateProject" time="8.976" classname="com.sgtesting.practice.Assignment6"/>
  <system-out/>
  <testcase name="modifyProject" time="5.989" classname="com.sgtesting.practice.Assignment6"/>
  <system-out/>
  <testcase name="DeleteProject" time="4.830" classname="com.sgtesting.practice.Assignment6"/>
  <system-out/>
  <testcase name="DeleteCustomer" time="14.417" classname="com.sgtesting.practice.Assignment6"/>
  <system-out/>
  <testcase name="logout" time="1.481" classname="com.sgtesting.practice.Assignment6"/>
  <system-out/>
  <testcase name="closeApplication" time="3.134" classname="com.sgtesting.practice.Assignment6"/>
  <system-out/>
</testsuite> <!-- com.sgtesting.practice.Assignment6 -->
