<?xml version="1.0" encoding="UTF-8"?>
<!-- Generated by org.testng.reporters.JUnitReportReporter -->
<testsuite skipped="0" hostname="DESKTOP-5JURDOU" name="com.sgtesting.practice.Assignment2" tests="8" failures="0" timestamp="2021-06-02T11:01:48 IST" time="69.840" errors="0">
  <testcase name="LaunchBrowser" time="52.134" classname="com.sgtesting.practice.Assignment2"/>
  <system-out/>
  <testcase name="navigate" time="6.345" classname="com.sgtesting.practice.Assignment2"/>
  <system-out/>
  <testcase name="login" time="6.041" classname="com.sgtesting.practice.Assignment2"/>
  <system-out/>
  <testcase name="CreateUser" time="0.496" classname="com.sgtesting.practice.Assignment2"/>
  <system-out/>
  <testcase name="ModifyUser" time="0.029" classname="com.sgtesting.practice.Assignment2"/>
  <system-out/>
  <testcase name="DeleteUser" time="0.038" classname="com.sgtesting.practice.Assignment2"/>
  <system-out/>
  <testcase name="logout" time="1.607" classname="com.sgtesting.practice.Assignment2"/>
  <system-out/>
  <testcase name="closeApplication" time="3.150" classname="com.sgtesting.practice.Assignment2"/>
  <system-out/>
</testsuite> <!-- com.sgtesting.practice.Assignment2 -->
