<?xml version="1.0" encoding="UTF-8"?>
<!-- Generated by org.testng.reporters.JUnitReportReporter -->
<testsuite skipped="0" hostname="DESKTOP-5JURDOU" name="com.sgtesting.practice.Assignment3" tests="7" failures="0" timestamp="2021-06-02T11:01:48 IST" time="36.507" errors="0">
  <testcase name="LaunchBrowser" time="8.967" classname="com.sgtesting.practice.Assignment3"/>
  <system-out/>
  <testcase name="navigate" time="3.019" classname="com.sgtesting.practice.Assignment3"/>
  <system-out/>
  <testcase name="login" time="6.454" classname="com.sgtesting.practice.Assignment3"/>
  <system-out/>
  <testcase name="CreateCustomer" time="5.521" classname="com.sgtesting.practice.Assignment3"/>
  <system-out/>
  <testcase name="DeleteCustomer" time="4.410" classname="com.sgtesting.practice.Assignment3"/>
  <system-out/>
  <testcase name="logout" time="2.979" classname="com.sgtesting.practice.Assignment3"/>
  <system-out/>
  <testcase name="closeApplication" time="5.157" classname="com.sgtesting.practice.Assignment3"/>
  <system-out/>
</testsuite> <!-- com.sgtesting.practice.Assignment3 -->
