<?xml version="1.0" encoding="UTF-8"?>
<!-- Generated by org.testng.reporters.JUnitReportReporter -->
<testsuite skipped="0" hostname="DESKTOP-5JURDOU" name="com.sgtesting.log4j.Assignment7" tests="11" failures="0" timestamp="2021-06-03T17:14:22 IST" time="51.736" errors="0">
  <testcase name="LaunchBrowser" time="25.433" classname="com.sgtesting.log4j.Assignment7"/>
  <system-out/>
  <testcase name="navigate" time="6.661" classname="com.sgtesting.log4j.Assignment7"/>
  <system-out/>
  <testcase name="login" time="5.514" classname="com.sgtesting.log4j.Assignment7"/>
  <system-out/>
  <testcase name="CreateCustomer" time="0.028" classname="com.sgtesting.log4j.Assignment7"/>
  <system-out/>
  <testcase name="CreateProject" time="4.089" classname="com.sgtesting.log4j.Assignment7"/>
  <system-out/>
  <testcase name="createTask" time="0.056" classname="com.sgtesting.log4j.Assignment7"/>
  <system-out/>
  <testcase name="deleteTask" time="0.030" classname="com.sgtesting.log4j.Assignment7"/>
  <system-out/>
  <testcase name="DeleteProject" time="0.029" classname="com.sgtesting.log4j.Assignment7"/>
  <system-out/>
  <testcase name="DeleteCustomer" time="0.027" classname="com.sgtesting.log4j.Assignment7"/>
  <system-out/>
  <testcase name="logout" time="3.600" classname="com.sgtesting.log4j.Assignment7"/>
  <system-out/>
  <testcase name="closeApplication" time="6.269" classname="com.sgtesting.log4j.Assignment7"/>
  <system-out/>
</testsuite> <!-- com.sgtesting.log4j.Assignment7 -->
