<?xml version="1.0" encoding="UTF-8"?>
<!-- Generated by org.testng.reporters.JUnitReportReporter -->
<testsuite skipped="0" hostname="DESKTOP-5JURDOU" name="com.sgtesting.practice.Assignment1" tests="7" failures="0" timestamp="2021-06-02T11:01:48 IST" time="65.004" errors="0">
  <testcase name="LaunchBrowser" time="3.830" classname="com.sgtesting.practice.Assignment1"/>
  <system-out/>
  <testcase name="navigate" time="8.437" classname="com.sgtesting.practice.Assignment1"/>
  <system-out/>
  <testcase name="login" time="8.767" classname="com.sgtesting.practice.Assignment1"/>
  <system-out/>
  <testcase name="CreateUser" time="15.396" classname="com.sgtesting.practice.Assignment1"/>
  <system-out/>
  <testcase name="DeleteUser" time="19.083" classname="com.sgtesting.practice.Assignment1"/>
  <system-out/>
  <testcase name="logout" time="4.993" classname="com.sgtesting.practice.Assignment1"/>
  <system-out/>
  <testcase name="closeApplication" time="4.498" classname="com.sgtesting.practice.Assignment1"/>
  <system-out/>
</testsuite> <!-- com.sgtesting.practice.Assignment1 -->
