<?xml version="1.0" encoding="UTF-8"?>
<!-- Generated by org.testng.reporters.JUnitReportReporter -->
<testsuite skipped="0" hostname="DESKTOP-5JURDOU" name="com.sgtesting.practice.Assignment7" tests="11" failures="0" timestamp="2021-06-02T11:01:48 IST" time="74.784" errors="0">
  <testcase name="LaunchBrowser" time="8.978" classname="com.sgtesting.practice.Assignment7"/>
  <system-out/>
  <testcase name="navigate" time="2.781" classname="com.sgtesting.practice.Assignment7"/>
  <system-out/>
  <testcase name="login" time="6.054" classname="com.sgtesting.practice.Assignment7"/>
  <system-out/>
  <testcase name="CreateCustomer" time="13.820" classname="com.sgtesting.practice.Assignment7"/>
  <system-out/>
  <testcase name="CreateProject" time="8.148" classname="com.sgtesting.practice.Assignment7"/>
  <system-out/>
  <testcase name="createTask" time="11.921" classname="com.sgtesting.practice.Assignment7"/>
  <system-out/>
  <testcase name="deleteTask" time="6.154" classname="com.sgtesting.practice.Assignment7"/>
  <system-out/>
  <testcase name="DeleteProject" time="7.391" classname="com.sgtesting.practice.Assignment7"/>
  <system-out/>
  <testcase name="DeleteCustomer" time="3.106" classname="com.sgtesting.practice.Assignment7"/>
  <system-out/>
  <testcase name="logout" time="3.456" classname="com.sgtesting.practice.Assignment7"/>
  <system-out/>
  <testcase name="closeApplication" time="2.975" classname="com.sgtesting.practice.Assignment7"/>
  <system-out/>
</testsuite> <!-- com.sgtesting.practice.Assignment7 -->
