<?xml version="1.0" encoding="UTF-8"?>
<!-- Generated by org.testng.reporters.JUnitReportReporter -->
<testsuite skipped="0" hostname="DESKTOP-5JURDOU" name="com.sgtesting.practice.Assignment9" tests="31" failures="0" timestamp="2021-06-02T11:01:48 IST" time="173.906" errors="0">
  <testcase name="launchBrowser" time="4.177" classname="com.sgtesting.practice.Assignment9"/>
  <system-out/>
  <testcase name="navigate" time="5.538" classname="com.sgtesting.practice.Assignment9"/>
  <system-out/>
  <testcase name="Adminlogin" time="2.379" classname="com.sgtesting.practice.Assignment9"/>
  <system-out/>
  <testcase name="minimizeFlyOutWindow" time="1.099" classname="com.sgtesting.practice.Assignment9"/>
  <system-out/>
  <testcase name="User1" time="12.524" classname="com.sgtesting.practice.Assignment9"/>
  <system-out/>
  <testcase name="logout" time="2.412" classname="com.sgtesting.practice.Assignment9"/>
  <system-out/>
  <testcase name="User1Loging" time="10.630" classname="com.sgtesting.practice.Assignment9"/>
  <system-out/>
  <testcase name="User2" time="12.382" classname="com.sgtesting.practice.Assignment9"/>
  <system-out/>
  <testcase name="User1logout" time="2.709" classname="com.sgtesting.practice.Assignment9"/>
  <system-out/>
  <testcase name="User2Loging" time="5.959" classname="com.sgtesting.practice.Assignment9"/>
  <system-out/>
  <testcase name="User3" time="12.195" classname="com.sgtesting.practice.Assignment9"/>
  <system-out/>
  <testcase name="User2Logout" time="2.403" classname="com.sgtesting.practice.Assignment9"/>
  <system-out/>
  <testcase name="Admin1login" time="2.331" classname="com.sgtesting.practice.Assignment9"/>
  <system-out/>
  <testcase name="ModifyUser1" time="13.389" classname="com.sgtesting.practice.Assignment9"/>
  <system-out/>
  <testcase name="Admin1logout" time="2.715" classname="com.sgtesting.practice.Assignment9"/>
  <system-out/>
  <testcase name="User1LogingAgain" time="2.397" classname="com.sgtesting.practice.Assignment9"/>
  <system-out/>
  <testcase name="ModifyUser2" time="13.107" classname="com.sgtesting.practice.Assignment9"/>
  <system-out/>
  <testcase name="User1logoutAgain" time="2.704" classname="com.sgtesting.practice.Assignment9"/>
  <system-out/>
  <testcase name="User2LogingAgain" time="2.384" classname="com.sgtesting.practice.Assignment9"/>
  <system-out/>
  <testcase name="ModifyUser3" time="13.136" classname="com.sgtesting.practice.Assignment9"/>
  <system-out/>
  <testcase name="User2LogoutAgain" time="2.441" classname="com.sgtesting.practice.Assignment9"/>
  <system-out/>
  <testcase name="User2LogingAgainAgain" time="2.428" classname="com.sgtesting.practice.Assignment9"/>
  <system-out/>
  <testcase name="deleteUser3" time="10.181" classname="com.sgtesting.practice.Assignment9"/>
  <system-out/>
  <testcase name="User2LogoutAgainAgain" time="2.433" classname="com.sgtesting.practice.Assignment9"/>
  <system-out/>
  <testcase name="User1LogingAgainAgain" time="2.476" classname="com.sgtesting.practice.Assignment9"/>
  <system-out/>
  <testcase name="deleteUser2" time="9.970" classname="com.sgtesting.practice.Assignment9"/>
  <system-out/>
  <testcase name="User1logoutAgainAgain" time="2.425" classname="com.sgtesting.practice.Assignment9"/>
  <system-out/>
  <testcase name="Admin1loginAgain" time="2.296" classname="com.sgtesting.practice.Assignment9"/>
  <system-out/>
  <testcase name="deleteUser1" time="10.091" classname="com.sgtesting.practice.Assignment9"/>
  <system-out/>
  <testcase name="Admin1logoutAgainAgain" time="2.379" classname="com.sgtesting.practice.Assignment9"/>
  <system-out/>
  <testcase name="closeApplication" time="0.216" classname="com.sgtesting.practice.Assignment9"/>
  <system-out/>
</testsuite> <!-- com.sgtesting.practice.Assignment9 -->
