<?xml version="1.0" encoding="UTF-8"?>
<!-- Generated by org.testng.reporters.JUnitReportReporter -->
<testsuite skipped="0" hostname="DESKTOP-5JURDOU" name="com.sgtesting.practice.Assignment8" tests="20" failures="0" timestamp="2021-06-02T11:01:48 IST" time="127.837" errors="0">
  <testcase name="launchBrowser" time="12.979" classname="com.sgtesting.practice.Assignment8"/>
  <system-out/>
  <testcase name="navigate" time="6.280" classname="com.sgtesting.practice.Assignment8"/>
  <system-out/>
  <testcase name="Adminlogin" time="6.116" classname="com.sgtesting.practice.Assignment8"/>
  <system-out/>
  <testcase name="minimizeFlyOutWindow" time="4.467" classname="com.sgtesting.practice.Assignment8"/>
  <system-out/>
  <testcase name="User1" time="16.230" classname="com.sgtesting.practice.Assignment8"/>
  <system-out/>
  <testcase name="User2" time="8.799" classname="com.sgtesting.practice.Assignment8"/>
  <system-out/>
  <testcase name="User3" time="8.814" classname="com.sgtesting.practice.Assignment8"/>
  <system-out/>
  <testcase name="logout" time="2.413" classname="com.sgtesting.practice.Assignment8"/>
  <system-out/>
  <testcase name="User1Loging" time="9.266" classname="com.sgtesting.practice.Assignment8"/>
  <system-out/>
  <testcase name="User1logout" time="2.430" classname="com.sgtesting.practice.Assignment8"/>
  <system-out/>
  <testcase name="User2Loging" time="5.687" classname="com.sgtesting.practice.Assignment8"/>
  <system-out/>
  <testcase name="User2Logout" time="2.328" classname="com.sgtesting.practice.Assignment8"/>
  <system-out/>
  <testcase name="User3Loging" time="5.405" classname="com.sgtesting.practice.Assignment8"/>
  <system-out/>
  <testcase name="User3Logout" time="2.422" classname="com.sgtesting.practice.Assignment8"/>
  <system-out/>
  <testcase name="Admin1login" time="2.344" classname="com.sgtesting.practice.Assignment8"/>
  <system-out/>
  <testcase name="deleteUser1" time="10.452" classname="com.sgtesting.practice.Assignment8"/>
  <system-out/>
  <testcase name="deleteUser2" time="9.402" classname="com.sgtesting.practice.Assignment8"/>
  <system-out/>
  <testcase name="deleteUser3" time="9.408" classname="com.sgtesting.practice.Assignment8"/>
  <system-out/>
  <testcase name="Adminlogout" time="2.417" classname="com.sgtesting.practice.Assignment8"/>
  <system-out/>
  <testcase name="closeApplication" time="0.178" classname="com.sgtesting.practice.Assignment8"/>
  <system-out/>
</testsuite> <!-- com.sgtesting.practice.Assignment8 -->
